<?xml version="1.0" encoding="UTF-8"?>
<testng-results ignored="0" total="1" passed="1" failed="0" skipped="0">
  <reporter-output>
  </reporter-output>
  <suite started-at="2024-11-20T13:41:32 IST" name="Surefire suite" finished-at="2024-11-20T13:41:44 IST" duration-ms="11731">
    <groups>
    </groups>
    <test started-at="2024-11-20T13:41:32 IST" name="Surefire test" finished-at="2024-11-20T13:41:44 IST" duration-ms="11731">
      <class name="TestCases.TC001_AccountResigrationTest">
        <test-method is-config="true" signature="setup()[pri:0, instance:TestCases.TC001_AccountResigrationTest@49c7b90e]" started-at="2024-11-20T13:41:32 IST" name="setup" finished-at="2024-11-20T13:41:40 IST" duration-ms="8645" status="PASS">
          <reporter-output>
          </reporter-output>
        </test-method> <!-- setup -->
        <test-method signature="Verify_Account_Registration()[pri:0, instance:TestCases.TC001_AccountResigrationTest@49c7b90e]" started-at="2024-11-20T13:41:41 IST" name="Verify_Account_Registration" finished-at="2024-11-20T13:41:43 IST" duration-ms="2595" status="PASS">
          <reporter-output>
          </reporter-output>
        </test-method> <!-- Verify_Account_Registration -->
        <test-method is-config="true" signature="teardown()[pri:0, instance:TestCases.TC001_AccountResigrationTest@49c7b90e]" started-at="2024-11-20T13:41:43 IST" name="teardown" finished-at="2024-11-20T13:41:44 IST" duration-ms="404" status="PASS">
          <reporter-output>
          </reporter-output>
        </test-method> <!-- teardown -->
      </class> <!-- TestCases.TC001_AccountResigrationTest -->
    </test> <!-- Surefire test -->
  </suite> <!-- Surefire suite -->
</testng-results>
